<?xml version="1.0" encoding="UTF-8"?>
<testng-results ignored="0" total="6" passed="5" failed="1" skipped="0">
  <reporter-output>
  </reporter-output>
  <suite started-at="2025-12-12T20:23:43 IST" name="LambdaTest Parallel Suite" finished-at="2025-12-12T20:24:37 IST" duration-ms="53881">
    <groups>
    </groups>
    <test started-at="2025-12-12T20:23:43 IST" name="Win10 Chrome Test" finished-at="2025-12-12T20:24:23 IST" duration-ms="39340">
      <class name="lambdatest.com.assignment.Scenario_2">
        <test-method is-config="true" signature="setUp(java.lang.String)[pri:0, instance:lambdatest.com.assignment.Scenario_2@762ef0ea]" started-at="2025-12-12T20:23:57 IST" name="setUp" finished-at="2025-12-12T20:24:05 IST" duration-ms="7780" status="PASS">
          <params>
            <param index="0">
              <value>
                <![CDATA[Chrome]]>
              </value>
            </param>
          </params>
          <reporter-output>
          </reporter-output>
        </test-method> <!-- setUp -->
        <test-method signature="setSliderValueTo95()[pri:0, instance:lambdatest.com.assignment.Scenario_2@762ef0ea]" started-at="2025-12-12T20:24:05 IST" name="setSliderValueTo95" finished-at="2025-12-12T20:24:09 IST" duration-ms="4099" status="PASS">
          <reporter-output>
          </reporter-output>
        </test-method> <!-- setSliderValueTo95 -->
        <test-method is-config="true" signature="tearDown()[pri:0, instance:lambdatest.com.assignment.Scenario_2@762ef0ea]" started-at="2025-12-12T20:24:09 IST" name="tearDown" finished-at="2025-12-12T20:24:09 IST" duration-ms="399" status="PASS">
          <reporter-output>
          </reporter-output>
        </test-method> <!-- tearDown -->
      </class> <!-- lambdatest.com.assignment.Scenario_2 -->
      <class name="lambdatest.com.assignment.Scenario_3">
        <test-method is-config="true" signature="setUp(java.lang.String)[pri:0, instance:lambdatest.com.assignment.Scenario_3@31f9b85e]" started-at="2025-12-12T20:24:09 IST" name="setUp" finished-at="2025-12-12T20:24:15 IST" duration-ms="6350" status="PASS">
          <params>
            <param index="0">
              <value>
                <![CDATA[Chrome]]>
              </value>
            </param>
          </params>
          <reporter-output>
          </reporter-output>
        </test-method> <!-- setUp -->
        <test-method signature="verifyFormSubmission()[pri:0, instance:lambdatest.com.assignment.Scenario_3@31f9b85e]" started-at="2025-12-12T20:24:15 IST" name="verifyFormSubmission" finished-at="2025-12-12T20:24:22 IST" duration-ms="6859" status="PASS">
          <reporter-output>
          </reporter-output>
        </test-method> <!-- verifyFormSubmission -->
        <test-method is-config="true" signature="tearDown()[pri:0, instance:lambdatest.com.assignment.Scenario_3@31f9b85e]" started-at="2025-12-12T20:24:22 IST" name="tearDown" finished-at="2025-12-12T20:24:23 IST" duration-ms="200" status="PASS">
          <reporter-output>
          </reporter-output>
        </test-method> <!-- tearDown -->
      </class> <!-- lambdatest.com.assignment.Scenario_3 -->
      <class name="lambdatest.com.assignment.Scenario_1">
        <test-method is-config="true" signature="setUp(java.lang.String)[pri:0, instance:lambdatest.com.assignment.Scenario_1@2d2ffcb7]" started-at="2025-12-12T20:23:43 IST" name="setUp" finished-at="2025-12-12T20:23:52 IST" duration-ms="8776" status="PASS">
          <params>
            <param index="0">
              <value>
                <![CDATA[Chrome]]>
              </value>
            </param>
          </params>
          <reporter-output>
          </reporter-output>
        </test-method> <!-- setUp -->
        <test-method signature="verifySimpleFormMessage()[pri:0, instance:lambdatest.com.assignment.Scenario_1@2d2ffcb7]" started-at="2025-12-12T20:23:52 IST" name="verifySimpleFormMessage" finished-at="2025-12-12T20:23:56 IST" duration-ms="4398" status="PASS">
          <reporter-output>
          </reporter-output>
        </test-method> <!-- verifySimpleFormMessage -->
        <test-method is-config="true" signature="tearDown()[pri:0, instance:lambdatest.com.assignment.Scenario_1@2d2ffcb7]" started-at="2025-12-12T20:23:56 IST" name="tearDown" finished-at="2025-12-12T20:23:57 IST" duration-ms="405" status="PASS">
          <reporter-output>
          </reporter-output>
        </test-method> <!-- tearDown -->
      </class> <!-- lambdatest.com.assignment.Scenario_1 -->
    </test> <!-- Win10 Chrome Test -->
    <test started-at="2025-12-12T20:23:43 IST" name="Edge" finished-at="2025-12-12T20:24:37 IST" duration-ms="53881">
      <class name="lambdatest.com.assignment.Scenario_2">
        <test-method is-config="true" signature="setUp(java.lang.String)[pri:0, instance:lambdatest.com.assignment.Scenario_2@66d18979]" started-at="2025-12-12T20:23:58 IST" name="setUp" finished-at="2025-12-12T20:24:10 IST" duration-ms="12288" status="PASS">
          <params>
            <param index="0">
              <value>
                <![CDATA[Firefox]]>
              </value>
            </param>
          </params>
          <reporter-output>
          </reporter-output>
        </test-method> <!-- setUp -->
        <test-method signature="setSliderValueTo95()[pri:0, instance:lambdatest.com.assignment.Scenario_2@66d18979]" started-at="2025-12-12T20:24:10 IST" name="setSliderValueTo95" finished-at="2025-12-12T20:24:19 IST" duration-ms="9024" status="FAIL">
          <exception class="org.openqa.selenium.NoSuchElementException">
            <message>
              <![CDATA[Unable to locate element: //output[@id='rangeSuccess' and text()='95']
For documentation on this error, please visit: https://www.selenium.dev/documentation/webdriver/troubleshooting/errors#no-such-element-exception
Build info: version: '4.16.1', revision: '9b4c83354e'
System info: os.name: 'Windows 11', os.arch: 'amd64', os.version: '10.0', java.version: '23.0.1'
Driver info: org.openqa.selenium.remote.RemoteWebDriver
Command: [a4812a2d-4cbc-4d5c-ace9-5585f4be4fff, findElement {using=xpath, value=//output[@id='rangeSuccess' and text()='95']}]
Capabilities {acceptInsecureCerts: true, browserName: firefox, browserVersion: 145.0.2, moz:accessibilityChecks: false, moz:buildID: 20251124145406, moz:geckodriverVersion: 0.35.0, moz:headless: false, moz:platformVersion: 10.0, moz:processID: 3732, moz:profile: C:\Users\ltuser\AppData\Loc..., moz:shutdownTimeout: 60000, moz:webdriverClick: true, moz:windowless: false, pageLoadStrategy: normal, platformName: windows, proxy: Proxy(), setWindowRect: true, strictFileInteractability: false, timeouts: {implicit: 0, pageLoad: 300000, script: 30000}, unhandledPromptBehavior: dismiss and notify, userAgent: Mozilla/5.0 (Windows NT 10....}
Session ID: a4812a2d-4cbc-4d5c-ace9-5585f4be4fff]]>
            </message>
            <full-stacktrace>
              <![CDATA[org.openqa.selenium.NoSuchElementException: Unable to locate element: //output[@id='rangeSuccess' and text()='95']
For documentation on this error, please visit: https://www.selenium.dev/documentation/webdriver/troubleshooting/errors#no-such-element-exception
Build info: version: '4.16.1', revision: '9b4c83354e'
System info: os.name: 'Windows 11', os.arch: 'amd64', os.version: '10.0', java.version: '23.0.1'
Driver info: org.openqa.selenium.remote.RemoteWebDriver
Command: [a4812a2d-4cbc-4d5c-ace9-5585f4be4fff, findElement {using=xpath, value=//output[@id='rangeSuccess' and text()='95']}]
Capabilities {acceptInsecureCerts: true, browserName: firefox, browserVersion: 145.0.2, moz:accessibilityChecks: false, moz:buildID: 20251124145406, moz:geckodriverVersion: 0.35.0, moz:headless: false, moz:platformVersion: 10.0, moz:processID: 3732, moz:profile: C:\Users\ltuser\AppData\Loc..., moz:shutdownTimeout: 60000, moz:webdriverClick: true, moz:windowless: false, pageLoadStrategy: normal, platformName: windows, proxy: Proxy(), setWindowRect: true, strictFileInteractability: false, timeouts: {implicit: 0, pageLoad: 300000, script: 30000}, unhandledPromptBehavior: dismiss and notify, userAgent: Mozilla/5.0 (Windows NT 10....}
Session ID: a4812a2d-4cbc-4d5c-ace9-5585f4be4fff
at java.base/jdk.internal.reflect.DirectConstructorHandleAccessor.newInstance(DirectConstructorHandleAccessor.java:62)
at java.base/java.lang.reflect.Constructor.newInstanceWithCaller(Constructor.java:501)
at java.base/java.lang.reflect.Constructor.newInstance(Constructor.java:485)
at org.openqa.selenium.remote.codec.w3c.W3CHttpResponseCodec.createException(W3CHttpResponseCodec.java:200)
at org.openqa.selenium.remote.codec.w3c.W3CHttpResponseCodec.decode(W3CHttpResponseCodec.java:133)
at org.openqa.selenium.remote.codec.w3c.W3CHttpResponseCodec.decode(W3CHttpResponseCodec.java:52)
at org.openqa.selenium.remote.HttpCommandExecutor.execute(HttpCommandExecutor.java:191)
at org.openqa.selenium.remote.TracedCommandExecutor.execute(TracedCommandExecutor.java:51)
at org.openqa.selenium.remote.RemoteWebDriver.execute(RemoteWebDriver.java:523)
at org.openqa.selenium.remote.ElementLocation$ElementFinder$2.findElement(ElementLocation.java:165)
at org.openqa.selenium.remote.ElementLocation.findElement(ElementLocation.java:59)
at org.openqa.selenium.remote.RemoteWebDriver.findElement(RemoteWebDriver.java:360)
at org.openqa.selenium.remote.RemoteWebDriver.findElement(RemoteWebDriver.java:354)
at lambdatest.com.assignment.Scenario_2.setSliderValueTo95(Scenario_2.java:95)
at java.base/jdk.internal.reflect.DirectMethodHandleAccessor.invoke(DirectMethodHandleAccessor.java:103)
at java.base/java.lang.reflect.Method.invoke(Method.java:580)
at org.testng.internal.invokers.MethodInvocationHelper.invokeMethod(MethodInvocationHelper.java:139)
at org.testng.internal.invokers.TestInvoker.invokeMethod(TestInvoker.java:664)
at org.testng.internal.invokers.TestInvoker.invokeTestMethod(TestInvoker.java:227)
at org.testng.internal.invokers.MethodRunner.runInSequence(MethodRunner.java:50)
at org.testng.internal.invokers.TestInvoker$MethodInvocationAgent.invoke(TestInvoker.java:957)
at org.testng.internal.invokers.TestInvoker.invokeTestMethods(TestInvoker.java:200)
at org.testng.internal.invokers.TestMethodWorker.invokeTestMethods(TestMethodWorker.java:148)
at org.testng.internal.invokers.TestMethodWorker.run(TestMethodWorker.java:128)
at java.base/java.util.ArrayList.forEach(ArrayList.java:1597)
at org.testng.TestRunner.privateRun(TestRunner.java:848)
at org.testng.TestRunner.run(TestRunner.java:621)
at org.testng.SuiteRunner.runTest(SuiteRunner.java:443)
at org.testng.SuiteRunner$SuiteWorker.run(SuiteRunner.java:481)
at org.testng.internal.thread.ThreadUtil.lambda$execute$0(ThreadUtil.java:58)
at java.base/java.util.concurrent.FutureTask.run(FutureTask.java:317)
at java.base/java.util.concurrent.ThreadPoolExecutor.runWorker(ThreadPoolExecutor.java:1144)
at java.base/java.util.concurrent.ThreadPoolExecutor$Worker.run(ThreadPoolExecutor.java:642)
at java.base/java.lang.Thread.run(Thread.java:1575)
]]>
            </full-stacktrace>
          </exception> <!-- org.openqa.selenium.NoSuchElementException -->
          <reporter-output>
          </reporter-output>
        </test-method> <!-- setSliderValueTo95 -->
        <test-method is-config="true" signature="tearDown()[pri:0, instance:lambdatest.com.assignment.Scenario_2@66d18979]" started-at="2025-12-12T20:24:19 IST" name="tearDown" finished-at="2025-12-12T20:24:20 IST" duration-ms="922" status="PASS">
          <reporter-output>
          </reporter-output>
        </test-method> <!-- tearDown -->
      </class> <!-- lambdatest.com.assignment.Scenario_2 -->
      <class name="lambdatest.com.assignment.Scenario_3">
        <test-method is-config="true" signature="setUp(java.lang.String)[pri:0, instance:lambdatest.com.assignment.Scenario_3@bccb269]" started-at="2025-12-12T20:24:20 IST" name="setUp" finished-at="2025-12-12T20:24:29 IST" duration-ms="8375" status="PASS">
          <params>
            <param index="0">
              <value>
                <![CDATA[Firefox]]>
              </value>
            </param>
          </params>
          <reporter-output>
          </reporter-output>
        </test-method> <!-- setUp -->
        <test-method signature="verifyFormSubmission()[pri:0, instance:lambdatest.com.assignment.Scenario_3@bccb269]" started-at="2025-12-12T20:24:29 IST" name="verifyFormSubmission" finished-at="2025-12-12T20:24:36 IST" duration-ms="6964" status="PASS">
          <reporter-output>
          </reporter-output>
        </test-method> <!-- verifyFormSubmission -->
        <test-method is-config="true" signature="tearDown()[pri:0, instance:lambdatest.com.assignment.Scenario_3@bccb269]" started-at="2025-12-12T20:24:36 IST" name="tearDown" finished-at="2025-12-12T20:24:37 IST" duration-ms="1329" status="PASS">
          <reporter-output>
          </reporter-output>
        </test-method> <!-- tearDown -->
      </class> <!-- lambdatest.com.assignment.Scenario_3 -->
      <class name="lambdatest.com.assignment.Scenario_1">
        <test-method is-config="true" signature="setUp(java.lang.String)[pri:0, instance:lambdatest.com.assignment.Scenario_1@fbd1f6]" started-at="2025-12-12T20:23:43 IST" name="setUp" finished-at="2025-12-12T20:23:53 IST" duration-ms="10002" status="PASS">
          <params>
            <param index="0">
              <value>
                <![CDATA[Firefox]]>
              </value>
            </param>
          </params>
          <reporter-output>
          </reporter-output>
        </test-method> <!-- setUp -->
        <test-method signature="verifySimpleFormMessage()[pri:0, instance:lambdatest.com.assignment.Scenario_1@fbd1f6]" started-at="2025-12-12T20:23:53 IST" name="verifySimpleFormMessage" finished-at="2025-12-12T20:23:57 IST" duration-ms="3481" status="PASS">
          <reporter-output>
          </reporter-output>
        </test-method> <!-- verifySimpleFormMessage -->
        <test-method is-config="true" signature="tearDown()[pri:0, instance:lambdatest.com.assignment.Scenario_1@fbd1f6]" started-at="2025-12-12T20:23:57 IST" name="tearDown" finished-at="2025-12-12T20:23:58 IST" duration-ms="1431" status="PASS">
          <reporter-output>
          </reporter-output>
        </test-method> <!-- tearDown -->
      </class> <!-- lambdatest.com.assignment.Scenario_1 -->
    </test> <!-- Edge -->
  </suite> <!-- LambdaTest Parallel Suite -->
</testng-results>
