<?xml version="1.0" encoding="UTF-8"?>
<!-- Generated by org.testng.reporters.JUnitReportReporter -->
<testsuite hostname="Abhijit" failures="0" tests="2" name="lambdatest.com.assignment.Scenario_1" time="28.493" errors="0" timestamp="2025-12-12T20:24:37 IST" skipped="0">
  <testcase classname="lambdatest.com.assignment.Scenario_1" name="verifySimpleFormMessage" time="13.579"/>
  <testcase classname="lambdatest.com.assignment.Scenario_1" name="verifySimpleFormMessage" time="14.914"/>
</testsuite> <!-- lambdatest.com.assignment.Scenario_1 -->
