<?xml version="1.0" encoding="UTF-8"?>
<!-- Generated by org.testng.reporters.JUnitReportReporter -->
<testsuite hostname="Abhijit" failures="0" tests="2" name="lambdatest.com.assignment.Scenario_3" time="30.077" errors="0" timestamp="2025-12-12T20:24:37 IST" skipped="0">
  <testcase classname="lambdatest.com.assignment.Scenario_3" name="verifyFormSubmission" time="16.668"/>
  <testcase classname="lambdatest.com.assignment.Scenario_3" name="verifyFormSubmission" time="13.409"/>
</testsuite> <!-- lambdatest.com.assignment.Scenario_3 -->
