<?xml version="1.0" encoding="UTF-8"?>
<!-- Generated by org.testng.reporters.JUnitXMLReporter -->
<testsuite ignored="0" hostname="Abhijit" failures="0" tests="3" name="Win10 Chrome Test" time="39.34" errors="0" timestamp="2025-12-12T20:24:23 IST">
  <testcase classname="lambdatest.com.assignment.Scenario_1" name="verifySimpleFormMessage" time="4.398"/>
  <testcase classname="lambdatest.com.assignment.Scenario_2" name="setSliderValueTo95" time="4.099"/>
  <testcase classname="lambdatest.com.assignment.Scenario_3" name="verifyFormSubmission" time="6.859"/>
</testsuite> <!-- Win10 Chrome Test -->
